(electron) The default value of app.allowRendererProcessReuse is deprecated, it is currently "false".  It will change to be "true" in Electron 9.  For more information please check https://github.com/electron/electron/issues/18397
Error occurred in handler for 'keychain:get-password': Error: No stored credentials fetched from keytar.
    at /Applications/Skype.app/Contents/Resources/app.asar/main.js:2:658420
    at async electron/js2c/browser_init.js:6048:30
2020-12-25 21:12:51.353 Skype[677:6828] Error loading /Library/CoreMediaIO/Plug-Ins/DAL/EpocCamPlugIn.plugin/Contents/MacOS/EpocCamPlugIn:  dlopen(/Library/CoreMediaIO/Plug-Ins/DAL/EpocCamPlugIn.plugin/Contents/MacOS/EpocCamPlugIn, 262): no suitable image found.  Did find:
	/Library/CoreMediaIO/Plug-Ins/DAL/EpocCamPlugIn.plugin/Contents/MacOS/EpocCamPlugIn: code signature in (/Library/CoreMediaIO/Plug-Ins/DAL/EpocCamPlugIn.plugin/Contents/MacOS/EpocCamPlugIn) not valid for use in process using Library Validation: mapping process and mapped file (non-platform) have different Team IDs
	/Library/CoreMediaIO/Plug-Ins/DAL/EpocCamPlugIn.plugin/Contents/MacOS/EpocCamPlugIn: stat() failed with errno=3
2020-12-25 21:12:51.370 Skype[677:6828] Error loading /Library/CoreMediaIO/Plug-Ins/DAL/IriunCamera.plugin/Contents/MacOS/IriunCamera:  dlopen(/Library/CoreMediaIO/Plug-Ins/DAL/IriunCamera.plugin/Contents/MacOS/IriunCamera, 262): no suitable image found.  Did find:
	/Library/CoreMediaIO/Plug-Ins/DAL/IriunCamera.plugin/Contents/MacOS/IriunCamera: code signature in (/Library/CoreMediaIO/Plug-Ins/DAL/IriunCamera.plugin/Contents/MacOS/IriunCamera) not valid for use in process using Library Validation: mapping process and mapped file (non-platform) have different Team IDs
	/Library/CoreMediaIO/Plug-Ins/DAL/IriunCamera.plugin/Contents/MacOS/IriunCamera: stat() failed with errno=1
2020-12-25 21:12:51.621 Skype Helper (Plugin)[685:7154] Error loading /Library/CoreMediaIO/Plug-Ins/DAL/EpocCamPlugIn.plugin/Contents/MacOS/EpocCamPlugIn:  dlopen(/Library/CoreMediaIO/Plug-Ins/DAL/EpocCamPlugIn.plugin/Contents/MacOS/EpocCamPlugIn, 262): no suitable image found.  Did find:
	/Library/CoreMediaIO/Plug-Ins/DAL/EpocCamPlugIn.plugin/Contents/MacOS/EpocCamPlugIn: code signature in (/Library/CoreMediaIO/Plug-Ins/DAL/EpocCamPlugIn.plugin/Contents/MacOS/EpocCamPlugIn) not valid for use in process using Library Validation: mapping process and mapped file (non-platform) have different Team IDs
	/Library/CoreMediaIO/Plug-Ins/DAL/EpocCamPlugIn.plugin/Contents/MacOS/EpocCamPlugIn: stat() failed with errno=3
2020-12-25 21:12:51.651 Skype Helper (Plugin)[685:7154] Error loading /Library/CoreMediaIO/Plug-Ins/DAL/IriunCamera.plugin/Contents/MacOS/IriunCamera:  dlopen(/Library/CoreMediaIO/Plug-Ins/DAL/IriunCamera.plugin/Contents/MacOS/IriunCamera, 262): no suitable image found.  Did find:
	/Library/CoreMediaIO/Plug-Ins/DAL/IriunCamera.plugin/Contents/MacOS/IriunCamera: code signature in (/Library/CoreMediaIO/Plug-Ins/DAL/IriunCamera.plugin/Contents/MacOS/IriunCamera) not valid for use in process using Library Validation: mapping process and mapped file (non-platform) have different Team IDs
	/Library/CoreMediaIO/Plug-Ins/DAL/IriunCamera.plugin/Contents/MacOS/IriunCamera: stat() failed with errno=1
2020-12-25 21:12:54.225 Skype Helper (Renderer)[682:7236] Error loading /Library/CoreMediaIO/Plug-Ins/DAL/EpocCamPlugIn.plugin/Contents/MacOS/EpocCamPlugIn:  dlopen(/Library/CoreMediaIO/Plug-Ins/DAL/EpocCamPlugIn.plugin/Contents/MacOS/EpocCamPlugIn, 262): no suitable image found.  Did find:
	/Library/CoreMediaIO/Plug-Ins/DAL/EpocCamPlugIn.plugin/Contents/MacOS/EpocCamPlugIn: code signature in (/Library/CoreMediaIO/Plug-Ins/DAL/EpocCamPlugIn.plugin/Contents/MacOS/EpocCamPlugIn) not valid for use in process using Library Validation: mapping process and mapped file (non-platform) have different Team IDs
	/Library/CoreMediaIO/Plug-Ins/DAL/EpocCamPlugIn.plugin/Contents/MacOS/EpocCamPlugIn: stat() failed with errno=3
2020-12-25 21:12:54.235 Skype Helper (Renderer)[682:7236] Error loading /Library/CoreMediaIO/Plug-Ins/DAL/IriunCamera.plugin/Contents/MacOS/IriunCamera:  dlopen(/Library/CoreMediaIO/Plug-Ins/DAL/IriunCamera.plugin/Contents/MacOS/IriunCamera, 262): no suitable image found.  Did find:
	/Library/CoreMediaIO/Plug-Ins/DAL/IriunCamera.plugin/Contents/MacOS/IriunCamera: code signature in (/Library/CoreMediaIO/Plug-Ins/DAL/IriunCamera.plugin/Contents/MacOS/IriunCamera) not valid for use in process using Library Validation: mapping process and mapped file (non-platform) have different Team IDs
	/Library/CoreMediaIO/Plug-Ins/DAL/IriunCamera.plugin/Contents/MacOS/IriunCamera: stat() failed with errno=1
