(electron) The default value of app.allowRendererProcessReuse is deprecated, it is currently "false".  It will change to be "true" in Electron 9.  For more information please check https://github.com/electron/electron/issues/18397
Error occurred in handler for 'keychain:get-password': Error: No stored credentials fetched from keytar.
    at /Applications/Skype.app/Contents/Resources/app.asar/main.js:2:658420
    at async electron/js2c/browser_init.js:6048:30
2020-12-13 11:20:05.248 Skype[623:5959] Error loading /Library/CoreMediaIO/Plug-Ins/DAL/EpocCamPlugIn.plugin/Contents/MacOS/EpocCamPlugIn:  dlopen(/Library/CoreMediaIO/Plug-Ins/DAL/EpocCamPlugIn.plugin/Contents/MacOS/EpocCamPlugIn, 262): no suitable image found.  Did find:
	/Library/CoreMediaIO/Plug-Ins/DAL/EpocCamPlugIn.plugin/Contents/MacOS/EpocCamPlugIn: code signature in (/Library/CoreMediaIO/Plug-Ins/DAL/EpocCamPlugIn.plugin/Contents/MacOS/EpocCamPlugIn) not valid for use in process using Library Validation: mapping process and mapped file (non-platform) have different Team IDs
	/Library/CoreMediaIO/Plug-Ins/DAL/EpocCamPlugIn.plugin/Contents/MacOS/EpocCamPlugIn: stat() failed with errno=3
2020-12-13 11:20:05.269 Skype[623:5959] Error loading /Library/CoreMediaIO/Plug-Ins/DAL/IriunCamera.plugin/Contents/MacOS/IriunCamera:  dlopen(/Library/CoreMediaIO/Plug-Ins/DAL/IriunCamera.plugin/Contents/MacOS/IriunCamera, 262): no suitable image found.  Did find:
	/Library/CoreMediaIO/Plug-Ins/DAL/IriunCamera.plugin/Contents/MacOS/IriunCamera: code signature in (/Library/CoreMediaIO/Plug-Ins/DAL/IriunCamera.plugin/Contents/MacOS/IriunCamera) not valid for use in process using Library Validation: mapping process and mapped file (non-platform) have different Team IDs
	/Library/CoreMediaIO/Plug-Ins/DAL/IriunCamera.plugin/Contents/MacOS/IriunCamera: stat() failed with errno=1
2020-12-13 11:20:05.368 Skype Helper (Plugin)[635:6240] Error loading /Library/CoreMediaIO/Plug-Ins/DAL/EpocCamPlugIn.plugin/Contents/MacOS/EpocCamPlugIn:  dlopen(/Library/CoreMediaIO/Plug-Ins/DAL/EpocCamPlugIn.plugin/Contents/MacOS/EpocCamPlugIn, 262): no suitable image found.  Did find:
	/Library/CoreMediaIO/Plug-Ins/DAL/EpocCamPlugIn.plugin/Contents/MacOS/EpocCamPlugIn: code signature in (/Library/CoreMediaIO/Plug-Ins/DAL/EpocCamPlugIn.plugin/Contents/MacOS/EpocCamPlugIn) not valid for use in process using Library Validation: mapping process and mapped file (non-platform) have different Team IDs
	/Library/CoreMediaIO/Plug-Ins/DAL/EpocCamPlugIn.plugin/Contents/MacOS/EpocCamPlugIn: stat() failed with errno=3
2020-12-13 11:20:05.380 Skype Helper (Plugin)[635:6240] Error loading /Library/CoreMediaIO/Plug-Ins/DAL/IriunCamera.plugin/Contents/MacOS/IriunCamera:  dlopen(/Library/CoreMediaIO/Plug-Ins/DAL/IriunCamera.plugin/Contents/MacOS/IriunCamera, 262): no suitable image found.  Did find:
	/Library/CoreMediaIO/Plug-Ins/DAL/IriunCamera.plugin/Contents/MacOS/IriunCamera: code signature in (/Library/CoreMediaIO/Plug-Ins/DAL/IriunCamera.plugin/Contents/MacOS/IriunCamera) not valid for use in process using Library Validation: mapping process and mapped file (non-platform) have different Team IDs
	/Library/CoreMediaIO/Plug-Ins/DAL/IriunCamera.plugin/Contents/MacOS/IriunCamera: stat() failed with errno=1
2020-12-13 11:20:08.830 Skype Helper (Renderer)[629:6301] Error loading /Library/CoreMediaIO/Plug-Ins/DAL/EpocCamPlugIn.plugin/Contents/MacOS/EpocCamPlugIn:  dlopen(/Library/CoreMediaIO/Plug-Ins/DAL/EpocCamPlugIn.plugin/Contents/MacOS/EpocCamPlugIn, 262): no suitable image found.  Did find:
	/Library/CoreMediaIO/Plug-Ins/DAL/EpocCamPlugIn.plugin/Contents/MacOS/EpocCamPlugIn: code signature in (/Library/CoreMediaIO/Plug-Ins/DAL/EpocCamPlugIn.plugin/Contents/MacOS/EpocCamPlugIn) not valid for use in process using Library Validation: mapping process and mapped file (non-platform) have different Team IDs
	/Library/CoreMediaIO/Plug-Ins/DAL/EpocCamPlugIn.plugin/Contents/MacOS/EpocCamPlugIn: stat() failed with errno=3
2020-12-13 11:20:08.840 Skype Helper (Renderer)[629:6301] Error loading /Library/CoreMediaIO/Plug-Ins/DAL/IriunCamera.plugin/Contents/MacOS/IriunCamera:  dlopen(/Library/CoreMediaIO/Plug-Ins/DAL/IriunCamera.plugin/Contents/MacOS/IriunCamera, 262): no suitable image found.  Did find:
	/Library/CoreMediaIO/Plug-Ins/DAL/IriunCamera.plugin/Contents/MacOS/IriunCamera: code signature in (/Library/CoreMediaIO/Plug-Ins/DAL/IriunCamera.plugin/Contents/MacOS/IriunCamera) not valid for use in process using Library Validation: mapping process and mapped file (non-platform) have different Team IDs
	/Library/CoreMediaIO/Plug-Ins/DAL/IriunCamera.plugin/Contents/MacOS/IriunCamera: stat() failed with errno=1
